<?xml version="1.0" encoding="UTF-8"?>
<testsuites>
  <testsuite name="Start from estimate result" timestamp="2023-03-12T17:59:02" time="28.822" tests="2" failures="1" errors="1" skipped="0">
    <properties>
      <property name="specId" value="0"/>
      <property name="suiteName" value="Start from estimate result"/>
      <property name="capabilities" value="chrome.110_0_5481_178.windows"/>
      <property name="file" value="file:///H:/data/ATBinJS/test/specs/debug.spec.js"/>
    </properties>
    <testcase classname="chrome.110_0_5481_178.windows.Start_from_estimate_result" name="open estimated page" time="7.821">
      <system-out><![CDATA[
COMMAND: POST /session/a668ee9f434a27dccea995b7a08e028d/url - {"url":"https://cloud.google.com/products/calculator/#id=e571347b-2d1e-4211-8b78-0c5804caa591"}
RESULT: {"url":"https://cloud.google.com/products/calculator/#id=e571347b-2d1e-4211-8b78-0c5804caa591"}
COMMAND: POST /session/a668ee9f434a27dccea995b7a08e028d/frame - {"id":0}
COMMAND: POST /session/a668ee9f434a27dccea995b7a08e028d/frame - {"id":0}
COMMAND: POST /session/a668ee9f434a27dccea995b7a08e028d/element - {"using":"xpath","value":".//b[contains(., \" Total Estimated Cost:\")]"}
RESULT: {"id":0}
RESULT: {"id":0}
RESULT: {"using":"xpath","value":".//b[contains(., \" Total Estimated Cost:\")]"}
COMMAND: POST /session/a668ee9f434a27dccea995b7a08e028d/elements - {"using":"xpath","value":".//b[contains(., \" Total Estimated Cost:\")]"}
RESULT: {"using":"xpath","value":".//b[contains(., \" Total Estimated Cost:\")]"}
COMMAND: POST /session/a668ee9f434a27dccea995b7a08e028d/elements - {"using":"xpath","value":".//b[contains(., \" Total Estimated Cost:\")]"}
RESULT: {"using":"xpath","value":".//b[contains(., \" Total Estimated Cost:\")]"}
COMMAND: POST /session/a668ee9f434a27dccea995b7a08e028d/elements - {"using":"xpath","value":".//b[contains(., \" Total Estimated Cost:\")]"}
RESULT: {"using":"xpath","value":".//b[contains(., \" Total Estimated Cost:\")]"}
COMMAND: POST /session/a668ee9f434a27dccea995b7a08e028d/elements - {"using":"xpath","value":".//b[contains(., \" Total Estimated Cost:\")]"}
RESULT: {"using":"xpath","value":".//b[contains(., \" Total Estimated Cost:\")]"}
COMMAND: POST /session/a668ee9f434a27dccea995b7a08e028d/element - {"using":"xpath","value":".//b[contains(., \" Total Estimated Cost:\")]"}
RESULT: {"using":"xpath","value":".//b[contains(., \" Total Estimated Cost:\")]"}
COMMAND: GET /session/a668ee9f434a27dccea995b7a08e028d/element/b936bb87-d7be-455c-8139-7d371c8116ba/text - {}
RESULT: {}
]]></system-out>
    </testcase>
    <testcase classname="chrome.110_0_5481_178.windows.Start_from_estimate_result" name="email estimate" time="21">
      <failure/>
      <error message="Can't call getText on element with selector &quot;//*[@id=&quot;mail&quot;]/div/div/table/tbody/tr[2]/td/h2&quot; because element wasn't found"/>
      <system-out><![CDATA[
COMMAND: GET /session/a668ee9f434a27dccea995b7a08e028d/window/handles - {}
RESULT: {}
COMMAND: POST /session/a668ee9f434a27dccea995b7a08e028d/execute/sync - {"script":"return (function newWindow(url, windowName, windowFeatures) {\n    window.open(url, windowName || '', windowFeatures || '');\n}).apply(null, arguments)","args":["https://yopmail.com/ru/email-generator","",""]}
RESULT: {"script":"return (function newWindow(url, windowName, windowFeatures) {\n    window.open(url, windowName || '', windowFeatures || '');\n}).apply(null, arguments)","args":["https://yopmail.com/ru/email-generator","",""]}
COMMAND: GET /session/a668ee9f434a27dccea995b7a08e028d/window/handles - {}
RESULT: {}
COMMAND: GET /session/a668ee9f434a27dccea995b7a08e028d/window/handles - {}
RESULT: {}
COMMAND: POST /session/a668ee9f434a27dccea995b7a08e028d/window - {"handle":"CDwindow-4C780DF6AB104CD67445788402F6ECEF"}
RESULT: {"handle":"CDwindow-4C780DF6AB104CD67445788402F6ECEF"}
COMMAND: POST /session/a668ee9f434a27dccea995b7a08e028d/element - {"using":"xpath","value":".//*[contains(@class, \"notmobile\") and contains(., \"Скопировать в буфер обмена\")]"}
RESULT: {"using":"xpath","value":".//*[contains(@class, \"notmobile\") and contains(., \"Скопировать в буфер обмена\")]"}
COMMAND: POST /session/a668ee9f434a27dccea995b7a08e028d/execute/sync - {"script":"return (function isElementDisplayed(element) {\n    function nodeIsElement(node) {\n        if (!node) {\n            return false;\n        }\n        switch (node.nodeType) {\n            case Node.ELEMEN ... (7807 more bytes)","args":[{"element-6066-11e4-a52e-4f735466cecf":"c2f30d84-1d8a-40b7-bfd7-fb01c4233ae2","ELEMENT":"c2f30d84-1d8a-40b7-bfd7-fb01c4233ae2"}]}
RESULT: {"script":"return (function isElementDisplayed(element) {\n    function nodeIsElement(node) {\n        if (!node) {\n            return false;\n        }\n        switch (node.nodeType) {\n            case Node.ELEMEN ... (7807 more bytes)","args":[{"element-6066-11e4-a52e-4f735466cecf":"c2f30d84-1d8a-40b7-bfd7-fb01c4233ae2","ELEMENT":"c2f30d84-1d8a-40b7-bfd7-fb01c4233ae2"}]}
COMMAND: POST /session/a668ee9f434a27dccea995b7a08e028d/execute/sync - {"script":"return (function isElementClickable(elem) {\n    if (!elem.getBoundingClientRect || !elem.scrollIntoView || !elem.contains || !elem.getClientRects || !document.elementFromPoint) {\n        return false; ... (5151 more bytes)","args":[{"element-6066-11e4-a52e-4f735466cecf":"c2f30d84-1d8a-40b7-bfd7-fb01c4233ae2","ELEMENT":"c2f30d84-1d8a-40b7-bfd7-fb01c4233ae2"}]}
RESULT: {"script":"return (function isElementClickable(elem) {\n    if (!elem.getBoundingClientRect || !elem.scrollIntoView || !elem.contains || !elem.getClientRects || !document.elementFromPoint) {\n        return false; ... (5151 more bytes)","args":[{"element-6066-11e4-a52e-4f735466cecf":"c2f30d84-1d8a-40b7-bfd7-fb01c4233ae2","ELEMENT":"c2f30d84-1d8a-40b7-bfd7-fb01c4233ae2"}]}
COMMAND: POST /session/a668ee9f434a27dccea995b7a08e028d/element/c2f30d84-1d8a-40b7-bfd7-fb01c4233ae2/click - {}
RESULT: {}
COMMAND: POST /session/a668ee9f434a27dccea995b7a08e028d/element - {"using":"xpath","value":".//button[contains(., \"Проверить почту\")]"}
RESULT: {"using":"xpath","value":".//button[contains(., \"Проверить почту\")]"}
COMMAND: POST /session/a668ee9f434a27dccea995b7a08e028d/element/c91bfb5b-774c-41c7-96d3-51a0566f5eb0/click - {}
RESULT: {}
COMMAND: GET /session/a668ee9f434a27dccea995b7a08e028d/title - {}
RESULT: {}
COMMAND: GET /session/a668ee9f434a27dccea995b7a08e028d/window/handles - {}
RESULT: {}
COMMAND: POST /session/a668ee9f434a27dccea995b7a08e028d/window - {"handle":"CDwindow-CDD173BDBA71024884C877DDB65CDA64"}
RESULT: {"handle":"CDwindow-CDD173BDBA71024884C877DDB65CDA64"}
COMMAND: GET /session/a668ee9f434a27dccea995b7a08e028d/url - {}
RESULT: {}
COMMAND: GET /session/a668ee9f434a27dccea995b7a08e028d/title - {}
RESULT: {}
COMMAND: GET /session/a668ee9f434a27dccea995b7a08e028d/title - {}
RESULT: {}
COMMAND: POST /session/a668ee9f434a27dccea995b7a08e028d/frame - {"id":0}
COMMAND: POST /session/a668ee9f434a27dccea995b7a08e028d/frame - {"id":0}
COMMAND: POST /session/a668ee9f434a27dccea995b7a08e028d/element - {"using":"css selector","value":"[title=\"Email Estimate\"]"}
RESULT: {"id":0}
RESULT: {"id":0}
RESULT: {"using":"css selector","value":"[title=\"Email Estimate\"]"}
COMMAND: POST /session/a668ee9f434a27dccea995b7a08e028d/element/c88b45d2-0f45-4e58-9d8b-c910bf90b201/click - {}
RESULT: {}
COMMAND: POST /session/a668ee9f434a27dccea995b7a08e028d/element - {"using":"css selector","value":"[ng-model=\"emailQuote.user.email\"]"}
RESULT: {"using":"css selector","value":"[ng-model=\"emailQuote.user.email\"]"}
COMMAND: POST /session/a668ee9f434a27dccea995b7a08e028d/element/e49b3f0c-950b-45ba-8cfa-758071d4a69d/click - {}
RESULT: {}
COMMAND: POST /session/a668ee9f434a27dccea995b7a08e028d/actions - {"actions":[{"id":"action1","type":"key","parameters":{},"actions":[{"type":"keyDown","value":""},{"type":"keyDown","value":"v"},{"type":"pause","duration":10},{"type":"keyUp","value":""},{"type":"keyUp","value":"v"}]}]}
RESULT: {"actions":[{"id":"action1","type":"key","parameters":{},"actions":[{"type":"keyDown","value":""},{"type":"keyDown","value":"v"},{"type":"pause","duration":10},{"type":"keyUp","value":""},{"type":"keyUp","value":"v"}]}]}
COMMAND: DELETE /session/a668ee9f434a27dccea995b7a08e028d/actions - {}
RESULT: {}
COMMAND: POST /session/a668ee9f434a27dccea995b7a08e028d/element - {"using":"xpath","value":".//button[contains(., \"Send Email\")]"}
RESULT: {"using":"xpath","value":".//button[contains(., \"Send Email\")]"}
COMMAND: POST /session/a668ee9f434a27dccea995b7a08e028d/element/a1a0e07e-4e36-4156-b5a8-3c06ea7d5838/click - {}
RESULT: {}
COMMAND: GET /session/a668ee9f434a27dccea995b7a08e028d/window/handles - {}
RESULT: {}
COMMAND: POST /session/a668ee9f434a27dccea995b7a08e028d/window - {"handle":"CDwindow-CDD173BDBA71024884C877DDB65CDA64"}
RESULT: {"handle":"CDwindow-CDD173BDBA71024884C877DDB65CDA64"}
COMMAND: GET /session/a668ee9f434a27dccea995b7a08e028d/url - {}
RESULT: {}
COMMAND: GET /session/a668ee9f434a27dccea995b7a08e028d/title - {}
RESULT: {}
COMMAND: POST /session/a668ee9f434a27dccea995b7a08e028d/execute/sync - {"script":"return (() => window.name).apply(null, arguments)","args":[]}
RESULT: {"script":"return (() => window.name).apply(null, arguments)","args":[]}
COMMAND: POST /session/a668ee9f434a27dccea995b7a08e028d/window - {"handle":"CDwindow-4C780DF6AB104CD67445788402F6ECEF"}
RESULT: {"handle":"CDwindow-4C780DF6AB104CD67445788402F6ECEF"}
COMMAND: GET /session/a668ee9f434a27dccea995b7a08e028d/url - {}
RESULT: {}
COMMAND: GET /session/a668ee9f434a27dccea995b7a08e028d/title - {}
RESULT: {}
COMMAND: POST /session/a668ee9f434a27dccea995b7a08e028d/refresh - {}
RESULT: {}
COMMAND: POST /session/a668ee9f434a27dccea995b7a08e028d/frame - {"id":1}
RESULT: {"id":1}
COMMAND: POST /session/a668ee9f434a27dccea995b7a08e028d/element - {"using":"xpath","value":"//*[@id=\"mail\"]/div/div/table/tbody/tr[2]/td/h2"}
RESULT: {"using":"xpath","value":"//*[@id=\"mail\"]/div/div/table/tbody/tr[2]/td/h2"}
COMMAND: POST /session/a668ee9f434a27dccea995b7a08e028d/elements - {"using":"xpath","value":"//*[@id=\"mail\"]/div/div/table/tbody/tr[2]/td/h2"}
RESULT: {"using":"xpath","value":"//*[@id=\"mail\"]/div/div/table/tbody/tr[2]/td/h2"}
COMMAND: POST /session/a668ee9f434a27dccea995b7a08e028d/elements - {"using":"xpath","value":"//*[@id=\"mail\"]/div/div/table/tbody/tr[2]/td/h2"}
RESULT: {"using":"xpath","value":"//*[@id=\"mail\"]/div/div/table/tbody/tr[2]/td/h2"}
COMMAND: POST /session/a668ee9f434a27dccea995b7a08e028d/elements - {"using":"xpath","value":"//*[@id=\"mail\"]/div/div/table/tbody/tr[2]/td/h2"}
RESULT: {"using":"xpath","value":"//*[@id=\"mail\"]/div/div/table/tbody/tr[2]/td/h2"}
COMMAND: POST /session/a668ee9f434a27dccea995b7a08e028d/elements - {"using":"xpath","value":"//*[@id=\"mail\"]/div/div/table/tbody/tr[2]/td/h2"}
RESULT: {"using":"xpath","value":"//*[@id=\"mail\"]/div/div/table/tbody/tr[2]/td/h2"}
COMMAND: POST /session/a668ee9f434a27dccea995b7a08e028d/elements - {"using":"xpath","value":"//*[@id=\"mail\"]/div/div/table/tbody/tr[2]/td/h2"}
RESULT: {"using":"xpath","value":"//*[@id=\"mail\"]/div/div/table/tbody/tr[2]/td/h2"}
COMMAND: POST /session/a668ee9f434a27dccea995b7a08e028d/elements - {"using":"xpath","value":"//*[@id=\"mail\"]/div/div/table/tbody/tr[2]/td/h2"}
RESULT: {"using":"xpath","value":"//*[@id=\"mail\"]/div/div/table/tbody/tr[2]/td/h2"}
COMMAND: POST /session/a668ee9f434a27dccea995b7a08e028d/elements - {"using":"xpath","value":"//*[@id=\"mail\"]/div/div/table/tbody/tr[2]/td/h2"}
RESULT: {"using":"xpath","value":"//*[@id=\"mail\"]/div/div/table/tbody/tr[2]/td/h2"}
COMMAND: POST /session/a668ee9f434a27dccea995b7a08e028d/elements - {"using":"xpath","value":"//*[@id=\"mail\"]/div/div/table/tbody/tr[2]/td/h2"}
RESULT: {"using":"xpath","value":"//*[@id=\"mail\"]/div/div/table/tbody/tr[2]/td/h2"}
COMMAND: POST /session/a668ee9f434a27dccea995b7a08e028d/elements - {"using":"xpath","value":"//*[@id=\"mail\"]/div/div/table/tbody/tr[2]/td/h2"}
RESULT: {"using":"xpath","value":"//*[@id=\"mail\"]/div/div/table/tbody/tr[2]/td/h2"}
COMMAND: POST /session/a668ee9f434a27dccea995b7a08e028d/elements - {"using":"xpath","value":"//*[@id=\"mail\"]/div/div/table/tbody/tr[2]/td/h2"}
RESULT: {"using":"xpath","value":"//*[@id=\"mail\"]/div/div/table/tbody/tr[2]/td/h2"}
COMMAND: POST /session/a668ee9f434a27dccea995b7a08e028d/elements - {"using":"xpath","value":"//*[@id=\"mail\"]/div/div/table/tbody/tr[2]/td/h2"}
RESULT: {"using":"xpath","value":"//*[@id=\"mail\"]/div/div/table/tbody/tr[2]/td/h2"}
COMMAND: POST /session/a668ee9f434a27dccea995b7a08e028d/elements - {"using":"xpath","value":"//*[@id=\"mail\"]/div/div/table/tbody/tr[2]/td/h2"}
RESULT: {"using":"xpath","value":"//*[@id=\"mail\"]/div/div/table/tbody/tr[2]/td/h2"}
COMMAND: POST /session/a668ee9f434a27dccea995b7a08e028d/elements - {"using":"xpath","value":"//*[@id=\"mail\"]/div/div/table/tbody/tr[2]/td/h2"}
RESULT: {"using":"xpath","value":"//*[@id=\"mail\"]/div/div/table/tbody/tr[2]/td/h2"}
COMMAND: POST /session/a668ee9f434a27dccea995b7a08e028d/elements - {"using":"xpath","value":"//*[@id=\"mail\"]/div/div/table/tbody/tr[2]/td/h2"}
RESULT: {"using":"xpath","value":"//*[@id=\"mail\"]/div/div/table/tbody/tr[2]/td/h2"}
COMMAND: POST /session/a668ee9f434a27dccea995b7a08e028d/elements - {"using":"xpath","value":"//*[@id=\"mail\"]/div/div/table/tbody/tr[2]/td/h2"}
RESULT: {"using":"xpath","value":"//*[@id=\"mail\"]/div/div/table/tbody/tr[2]/td/h2"}
COMMAND: POST /session/a668ee9f434a27dccea995b7a08e028d/elements - {"using":"xpath","value":"//*[@id=\"mail\"]/div/div/table/tbody/tr[2]/td/h2"}
RESULT: {"using":"xpath","value":"//*[@id=\"mail\"]/div/div/table/tbody/tr[2]/td/h2"}
COMMAND: POST /session/a668ee9f434a27dccea995b7a08e028d/elements - {"using":"xpath","value":"//*[@id=\"mail\"]/div/div/table/tbody/tr[2]/td/h2"}
RESULT: {"using":"xpath","value":"//*[@id=\"mail\"]/div/div/table/tbody/tr[2]/td/h2"}
COMMAND: POST /session/a668ee9f434a27dccea995b7a08e028d/elements - {"using":"xpath","value":"//*[@id=\"mail\"]/div/div/table/tbody/tr[2]/td/h2"}
RESULT: {"using":"xpath","value":"//*[@id=\"mail\"]/div/div/table/tbody/tr[2]/td/h2"}
COMMAND: POST /session/a668ee9f434a27dccea995b7a08e028d/elements - {"using":"xpath","value":"//*[@id=\"mail\"]/div/div/table/tbody/tr[2]/td/h2"}
RESULT: {"using":"xpath","value":"//*[@id=\"mail\"]/div/div/table/tbody/tr[2]/td/h2"}
COMMAND: POST /session/a668ee9f434a27dccea995b7a08e028d/elements - {"using":"xpath","value":"//*[@id=\"mail\"]/div/div/table/tbody/tr[2]/td/h2"}
RESULT: {"using":"xpath","value":"//*[@id=\"mail\"]/div/div/table/tbody/tr[2]/td/h2"}
COMMAND: DELETE /session/a668ee9f434a27dccea995b7a08e028d - {}
RESULT: {}
]]></system-out>
      <system-err><![CDATA[
Error: Can't call getText on element with selector "//*[@id="mail"]/div/div/table/tbody/tr[2]/td/h2" because element wasn't found
    at Estimator.getEstimateToEmail (H:\data\ATBinJS\service\/estimator.js:51:19)
    at Context.<anonymous> (H:\data\ATBinJS\test\specs\/debug.spec.js:67:9)
]]></system-err>
    </testcase>
  </testsuite>
</testsuites>